<?xml version="1.0" encoding="UTF-8"?>
<!-- Generated by org.testng.reporters.JUnitReportReporter -->
<testsuite hostname="CPHA2023-NB034" failures="0" tests="1" name="cps2.invalid_search" time="13.441" errors="0" timestamp="2024-04-03T14:12:47 EDT" skipped="0">
  <testcase classname="cps2.invalid_search" name="invalid_search" time="13.441"/>
</testsuite> <!-- cps2.invalid_search -->
