<?xml version="1.0" encoding="UTF-8"?>
<!-- Generated by org.testng.reporters.JUnitReportReporter -->
<testsuite hostname="CPHA2023-NB034" failures="0" tests="1" name="link.MA_BrokenLink_D_TO_H" time="1457.115" errors="0" timestamp="2024-06-17T13:52:31 EDT" skipped="0">
  <testcase classname="link.MA_BrokenLink_D_TO_H" name="testBrokenLinks" time="1457.115"/>
  <system-out/>
</testsuite> <!-- link.MA_BrokenLink_D_TO_H -->
