<?xml version="1.0" encoding="UTF-8"?>
<!-- Generated by org.testng.reporters.JUnitReportReporter -->
<testsuite hostname="CPHA2023-NB034" failures="0" tests="1" name="cps2.search_document" time="26.203" errors="0" timestamp="2024-04-30T13:28:12 EDT" skipped="0">
  <testcase classname="cps2.search_document" name="search_document" time="26.203"/>
</testsuite> <!-- cps2.search_document -->
