<?xml version="1.0" encoding="UTF-8"?>
<!-- Generated by org.testng.reporters.JUnitReportReporter -->
<testsuite hostname="CPHA2023-NB034" failures="0" tests="1" name="link.MA_BrokenLink_A_H" time="708.624" errors="0" timestamp="2024-06-06T14:54:15 EDT" skipped="0">
  <testcase classname="link.MA_BrokenLink_A_H" name="testBrokenLinks" time="708.624"/>
</testsuite> <!-- link.MA_BrokenLink_A_H -->
