<?xml version="1.0" encoding="UTF-8"?>
<!-- Generated by org.testng.reporters.JUnitReportReporter -->
<testsuite hostname="CPHA2023-NB034" failures="0" tests="1" name="cps2.homepage" time="15.445" errors="0" timestamp="2024-04-18T10:52:24 EDT" skipped="0">
  <testcase classname="cps2.homepage" name="homepage" time="15.445"/>
</testsuite> <!-- cps2.homepage -->
