<?xml version="1.0" encoding="UTF-8"?>
<!-- Generated by org.testng.reporters.JUnitReportReporter -->
<testsuite hostname="CPHA2023-NB034" failures="0" tests="1" name="link.MA_BrokenLink_A_C" time="799.881" errors="0" timestamp="2024-07-04T10:59:52 EDT" skipped="0">
  <testcase classname="link.MA_BrokenLink_A_C" name="testBrokenLinks" time="799.881"/>
  <system-out/>
</testsuite> <!-- link.MA_BrokenLink_A_C -->
