<?xml version="1.0" encoding="UTF-8"?>
<!-- Generated by org.testng.reporters.JUnitReportReporter -->
<testsuite hostname="CPHA2023-NB034" failures="0" tests="1" name="link.lexi_interact" time="11.658" errors="0" timestamp="2024-05-30T10:29:17 EDT" skipped="0">
  <testcase classname="link.lexi_interact" name="verify" time="11.658"/>
</testsuite> <!-- link.lexi_interact -->
