<?xml version="1.0" encoding="UTF-8"?>
<!-- Generated by org.testng.reporters.JUnitReportReporter -->
<testsuite hostname="CPHA2023-NB034" failures="0" tests="1" name="cps2.franch_translate" time="13.415" errors="0" timestamp="2024-04-18T10:51:15 EDT" skipped="0">
  <testcase classname="cps2.franch_translate" name="translate" time="13.415"/>
</testsuite> <!-- cps2.franch_translate -->
