<?xml version="1.0" encoding="UTF-8"?>
<!-- Generated by org.testng.reporters.JUnitReportReporter -->
<testsuite hostname="CPHA2023-NB034" failures="0" tests="1" name="cps2.global_search" time="10.509" errors="0" timestamp="2024-04-18T10:53:45 EDT" skipped="0">
  <testcase classname="cps2.global_search" name="global_search" time="10.509"/>
</testsuite> <!-- cps2.global_search -->
